<?xml version="1.0" encoding="utf-8"?><testsuites name="pytest tests"><testsuite name="pytest" errors="0" failures="0" skipped="0" tests="23" time="1.763" timestamp="2026-05-24T08:47:11.176136+00:00" hostname="agent-env-d089b183-5a1b-4ac6-b007-b06fe179d8fb"><testcase classname="backend.tests.test_api.TestProperty" name="test_create_property" time="0.195" /><testcase classname="backend.tests.test_api.TestProperty" name="test_list_properties" time="0.047" /><testcase classname="backend.tests.test_api.TestProperty" name="test_get_property" time="0.057" /><testcase classname="backend.tests.test_api.TestProperty" name="test_update_property" time="0.088" /><testcase classname="backend.tests.test_api.TestProperty" name="test_get_property_404" time="0.044" /><testcase classname="backend.tests.test_api.TestTenant" name="test_create_tenant" time="0.045" /><testcase classname="backend.tests.test_api.TestTenant" name="test_list_tenants" time="0.045" /><testcase classname="backend.tests.test_api.TestTenant" name="test_update_payment_status" time="0.090" /><testcase classname="backend.tests.test_api.TestExpense" name="test_create_expense" time="0.046" /><testcase classname="backend.tests.test_api.TestExpense" name="test_list_expenses" time="0.044" /><testcase classname="backend.tests.test_api.TestUtility" name="test_create_utility" time="0.045" /><testcase classname="backend.tests.test_api.TestUtility" name="test_update_utility_paid" time="0.045" /><testcase classname="backend.tests.test_api.TestPropertyTax" name="test_create_tax" time="0.044" /><testcase classname="backend.tests.test_api.TestPropertyTax" name="test_list_taxes" time="0.045" /><testcase classname="backend.tests.test_api.TestDashboard" name="test_stats" time="0.045" /><testcase classname="backend.tests.test_api.TestReminders" name="test_reminders" time="0.044" /><testcase classname="backend.tests.test_api.TestExports" name="test_export_expenses" time="0.052" /><testcase classname="backend.tests.test_api.TestExports" name="test_export_tenants" time="0.063" /><testcase classname="backend.tests.test_api.TestDateFormatRegression" name="test_create_property_with_date_only_format" time="0.047" /><testcase classname="backend.tests.test_api.TestDateFormatRegression" name="test_dashboard_stats_with_date_only_format" time="0.045" /><testcase classname="backend.tests.test_api.TestDateFormatRegression" name="test_create_utility_with_date_only_due_date" time="0.044" /><testcase classname="backend.tests.test_api.TestDateFormatRegression" name="test_reminders_with_date_only_due_date" time="0.045" /><testcase classname="backend.tests.test_api" name="test_zzz_cleanup" time="0.396" /></testsuite></testsuites>